Using pre-set license
Built from '2020.3/staging' branch; Version is '2020.3.4f1 (0abb6314276a) revision 703331'; Using compiler version '192528614'; Build Type 'Release'
OS: 'Windows 10 Pro; OS build 19041.1415; Version 2004; 64bit' Language: 'en' Physical Memory: 32434 MB
BatchMode: 1, IsHumanControllingUs: 0, StartBugReporterOnCrash: 0, Is64bit: 1, IsPro: 0

 COMMAND LINE ARGUMENTS:
C:\Program Files\Unity\Hub\Editor\2020.3.4f1\Editor\Unity.exe
-adb2
-batchMode
-noUpm
-name
AssetImportWorker0
-projectPath
C:/Projects/GitProjects/MasterUnityTemplate/MasterUnity3DProject
-logFile
Logs/AssetImportWorker0.log
-srvPort
59026
Successfully changed project path to: C:/Projects/GitProjects/MasterUnityTemplate/MasterUnity3DProject
C:/Projects/GitProjects/MasterUnityTemplate/MasterUnity3DProject
Using Asset Import Pipeline V2.
Refreshing native plugins compatible for Editor in 57.46 ms, found 0 plugins.
Preloading 0 native plugins for Editor in 0.00 ms.
Initialize engine version: 2020.3.4f1 (0abb6314276a)
[Subsystems] Discovering subsystems at path C:/Program Files/Unity/Hub/Editor/2020.3.4f1/Editor/Data/Resources/UnitySubsystems
[Subsystems] Discovering subsystems at path C:/Projects/GitProjects/MasterUnityTemplate/MasterUnity3DProject/Assets
GfxDevice: creating device client; threaded=0
Direct3D:
    Version:  Direct3D 11.0 [level 11.1]
    Renderer: Intel(R) UHD Graphics 630 (ID=0x9bc5)
    Vendor:   
    VRAM:     16217 MB
    Driver:   27.20.100.9415
Initialize mono
Mono path[0] = 'C:/Program Files/Unity/Hub/Editor/2020.3.4f1/Editor/Data/Managed'
Mono path[1] = 'C:/Program Files/Unity/Hub/Editor/2020.3.4f1/Editor/Data/MonoBleedingEdge/lib/mono/unityjit'
Mono config path = 'C:/Program Files/Unity/Hub/Editor/2020.3.4f1/Editor/Data/MonoBleedingEdge/etc'
Using monoOptions --debugger-agent=transport=dt_socket,embedding=1,server=y,suspend=n,address=127.0.0.1:56804
Begin MonoManager ReloadAssembly
Registering precompiled unity dll's ...
Register platform support module: C:/Program Files/Unity/Hub/Editor/2020.3.4f1/Editor/Data/PlaybackEngines/WebGLSupport/UnityEditor.WebGL.Extensions.dll
Register platform support module: C:/Program Files/Unity/Hub/Editor/2020.3.4f1/Editor/Data/PlaybackEngines/WindowsStandaloneSupport/UnityEditor.WindowsStandalone.Extensions.dll
Registered in 0.002073 seconds.
Native extension for WindowsStandalone target not found
Native extension for WebGL target not found
Refreshing native plugins compatible for Editor in 62.34 ms, found 0 plugins.
Preloading 0 native plugins for Editor in 0.00 ms.
Mono: successfully reloaded assembly
- Completed reload, in  2.636 seconds
Platform modules already initialized, skipping
Registering precompiled user dll's ...
Registered in 0.001397 seconds.
Begin MonoManager ReloadAssembly
Native extension for WindowsStandalone target not found
Native extension for WebGL target not found
Refreshing native plugins compatible for Editor in 40.15 ms, found 0 plugins.
Preloading 0 native plugins for Editor in 0.00 ms.
Mono: successfully reloaded assembly
- Completed reload, in  0.886 seconds
Platform modules already initialized, skipping
========================================================================
Worker process is ready to serve import requests
Shader 'Universal Render Pipeline/Particles/Lit': fallback shader 'Universal Render Pipeline/Particles/SimpleLit' not found
Shader 'Universal Render Pipeline/Particles/Lit': fallback shader 'Universal Render Pipeline/Particles/SimpleLit' not found
Launched and connected shader compiler UnityShaderCompiler.exe after 0.07 seconds
Refreshing native plugins compatible for Editor in 0.35 ms, found 0 plugins.
Preloading 0 native plugins for Editor in 0.00 ms.
Unloading 2420 Unused Serialized files (Serialized files now loaded: 0)
System memory in use before: 112.2 MB.
System memory in use after: 109.4 MB.

Unloading 46 unused Assets to reduce memory usage. Loaded Objects now: 2825.
Total: 4.138900 ms (FindLiveObjects: 0.225700 ms CreateObjectMapping: 0.103800 ms MarkObjects: 2.227700 ms  DeleteObjects: 1.580400 ms)

========================================================================
Received Import Request.
  path: Assets/Readme.asset
  artifactKey: Guid(83c2ed844a8c74b779a4c823d16594b1) Importer(815301076,1909f56bfc062723c751e8b465ee728b)
Start importing Assets/Readme.asset using Guid(83c2ed844a8c74b779a4c823d16594b1) Importer(815301076,1909f56bfc062723c751e8b465ee728b)  -> (artifact id: '6bae6031c3a27c632e83ff632957e097') in 0.047396 seconds
  Import took 0.050557 seconds .

========================================================================
Received Import Request.
  Time since last request: 0.852712 seconds.
  path: Assets/Readme.asset
  artifactKey: Guid(83c2ed844a8c74b779a4c823d16594b1) Importer(815301076,1909f56bfc062723c751e8b465ee728b)
Start importing Assets/Readme.asset using Guid(83c2ed844a8c74b779a4c823d16594b1) Importer(815301076,1909f56bfc062723c751e8b465ee728b)  -> (artifact id: '6bae6031c3a27c632e83ff632957e097') in 0.002784 seconds
  Import took 0.006428 seconds .

========================================================================
Received Import Request.
  Time since last request: 352.554015 seconds.
  path: Assets/Materials/Skybox_Mat.mat
  artifactKey: Guid(0ffaa0b7117ba8c47a9d05ae701d4b4d) Importer(815301076,1909f56bfc062723c751e8b465ee728b)
Start importing Assets/Materials/Skybox_Mat.mat using Guid(0ffaa0b7117ba8c47a9d05ae701d4b4d) Importer(815301076,1909f56bfc062723c751e8b465ee728b)  -> (artifact id: '770d803e87358b9a199014ee3631ea50') in 0.148504 seconds
  Import took 0.151904 seconds .

========================================================================
Received Import Request.
  Time since last request: 15.645611 seconds.
  path: Assets/ExampleAssets
  artifactKey: Guid(990f5c2df70993f4987a388ca178996a) Importer(815301076,1909f56bfc062723c751e8b465ee728b)
Start importing Assets/ExampleAssets using Guid(990f5c2df70993f4987a388ca178996a) Importer(815301076,1909f56bfc062723c751e8b465ee728b)  -> (artifact id: 'cf64619f1e8d9491992decd5e53f9e9f') in 0.006265 seconds
  Import took 0.009728 seconds .

========================================================================
Received Import Request.
  Time since last request: 0.000666 seconds.
  path: Assets/ExampleAssets
  artifactKey: Guid(990f5c2df70993f4987a388ca178996a) Importer(815301076,1909f56bfc062723c751e8b465ee728b)
Start importing Assets/ExampleAssets using Guid(990f5c2df70993f4987a388ca178996a) Importer(815301076,1909f56bfc062723c751e8b465ee728b)  -> (artifact id: 'cf64619f1e8d9491992decd5e53f9e9f') in 0.001751 seconds
  Import took 0.005090 seconds .

========================================================================
Received Prepare
Registering precompiled user dll's ...
Registered in 0.000788 seconds.
Begin MonoManager ReloadAssembly
Native extension for WindowsStandalone target not found
Native extension for WebGL target not found
Refreshing native plugins compatible for Editor in 0.34 ms, found 0 plugins.
Preloading 0 native plugins for Editor in 0.00 ms.
Mono: successfully reloaded assembly
- Completed reload, in  0.676 seconds
Platform modules already initialized, skipping
Switching render pipeline 19ba41d7c0026c3459d37c2fe90c55a0 -> 00000000000000000000000000000000
Shader 'Universal Render Pipeline/Particles/Lit': fallback shader 'Universal Render Pipeline/Particles/SimpleLit' not found
Shader 'Universal Render Pipeline/Particles/Lit': fallback shader 'Universal Render Pipeline/Particles/SimpleLit' not found
Refreshing native plugins compatible for Editor in 0.32 ms, found 0 plugins.
Preloading 0 native plugins for Editor in 0.00 ms.
Unloading 2344 Unused Serialized files (Serialized files now loaded: 0)
System memory in use before: 113.8 MB.
System memory in use after: 111.1 MB.

Unloading 43 unused Assets to reduce memory usage. Loaded Objects now: 2904.
Total: 2.675900 ms (FindLiveObjects: 0.190800 ms CreateObjectMapping: 0.091800 ms MarkObjects: 1.344600 ms  DeleteObjects: 1.048000 ms)

========================================================================
Received Import Request.
  Time since last request: 6.940853 seconds.
  path: Assets
  artifactKey: Guid(00000000000000001000000000000000) Importer(815301076,1909f56bfc062723c751e8b465ee728b)
Start importing Assets using Guid(00000000000000001000000000000000) Importer(815301076,1909f56bfc062723c751e8b465ee728b)  -> (artifact id: '025e4f587c23674256bb898581e82961') in 0.006577 seconds
  Import took 0.009706 seconds .

========================================================================
Received Import Request.
  Time since last request: 0.002432 seconds.
  path: Assets
  artifactKey: Guid(00000000000000001000000000000000) Importer(815301076,1909f56bfc062723c751e8b465ee728b)
Start importing Assets using Guid(00000000000000001000000000000000) Importer(815301076,1909f56bfc062723c751e8b465ee728b)  -> (artifact id: '025e4f587c23674256bb898581e82961') in 0.002618 seconds
  Import took 0.005499 seconds .

========================================================================
Received Import Request.
  Time since last request: 10.867757 seconds.
  path: Assets/Renderers
  artifactKey: Guid(0fdf8696a6639794b8acf643fc427646) Importer(815301076,1909f56bfc062723c751e8b465ee728b)
Start importing Assets/Renderers using Guid(0fdf8696a6639794b8acf643fc427646) Importer(815301076,1909f56bfc062723c751e8b465ee728b)  -> (artifact id: '4537059bcb506f2e7156163c4cfad87d') in 0.004656 seconds
  Import took 0.007646 seconds .

========================================================================
Received Import Request.
  Time since last request: 13.018355 seconds.
  path: Assets/Renderers/URPF.asset
  artifactKey: Guid(33057078bb734fb4c8e470887d5e52e7) Importer(815301076,1909f56bfc062723c751e8b465ee728b)
Start importing Assets/Renderers/URPF.asset using Guid(33057078bb734fb4c8e470887d5e52e7) Importer(815301076,1909f56bfc062723c751e8b465ee728b)  -> (artifact id: '58acb6d08aba75311edd43c62a362feb') in 0.012661 seconds
  Import took 0.016261 seconds .

========================================================================
Received Import Request.
  Time since last request: 0.000210 seconds.
  path: Assets/Renderers/URPF_Renderer.asset
  artifactKey: Guid(f46c0642a6076624ab2a677a31d06fab) Importer(815301076,1909f56bfc062723c751e8b465ee728b)
Start importing Assets/Renderers/URPF_Renderer.asset using Guid(f46c0642a6076624ab2a677a31d06fab) Importer(815301076,1909f56bfc062723c751e8b465ee728b)  -> (artifact id: 'e745430214fa078b36cd244a398c43ae') in 0.005498 seconds
  Import took 0.008511 seconds .

========================================================================
Received Import Request.
  Time since last request: 18.285441 seconds.
  path: Assets/Scenes
  artifactKey: Guid(9ff45361c9beec24cbe5cc03a514184f) Importer(815301076,1909f56bfc062723c751e8b465ee728b)
Start importing Assets/Scenes using Guid(9ff45361c9beec24cbe5cc03a514184f) Importer(815301076,1909f56bfc062723c751e8b465ee728b)  -> (artifact id: 'b75d43840f93b6042469eb8b41a26a8b') in 0.007300 seconds
  Import took 0.010639 seconds .

========================================================================
Received Import Request.
  Time since last request: 1.018991 seconds.
  path: Assets/Scenes/SampleScene.unity
  artifactKey: Guid(d1c3109bdb54ad54c8a2b2838528e640) Importer(815301076,1909f56bfc062723c751e8b465ee728b)
Start importing Assets/Scenes/SampleScene.unity using Guid(d1c3109bdb54ad54c8a2b2838528e640) Importer(815301076,1909f56bfc062723c751e8b465ee728b)  -> (artifact id: '2e6916e349d9d4552436de396bfec558') in 0.006532 seconds
  Import took 0.009559 seconds .

========================================================================
Received Prepare
Shader 'Universal Render Pipeline/Particles/Lit': fallback shader 'Universal Render Pipeline/Particles/SimpleLit' not found
Shader 'Universal Render Pipeline/Particles/Lit': fallback shader 'Universal Render Pipeline/Particles/SimpleLit' not found
Refreshing native plugins compatible for Editor in 0.86 ms, found 0 plugins.
Preloading 0 native plugins for Editor in 0.00 ms.
Unloading 41 Unused Serialized files (Serialized files now loaded: 0)
System memory in use before: 68.8 MB.
System memory in use after: 66.0 MB.

Unloading 39 unused Assets to reduce memory usage. Loaded Objects now: 2908.
Total: 3.041100 ms (FindLiveObjects: 0.193400 ms CreateObjectMapping: 0.090400 ms MarkObjects: 1.622400 ms  DeleteObjects: 1.134400 ms)

