Using pre-set license
Built from '2020.3/staging' branch; Version is '2020.3.4f1 (0abb6314276a) revision 703331'; Using compiler version '192528614'; Build Type 'Release'
OS: 'Windows 10 Pro; OS build 19041.1415; Version 2004; 64bit' Language: 'en' Physical Memory: 32434 MB
BatchMode: 1, IsHumanControllingUs: 0, StartBugReporterOnCrash: 0, Is64bit: 1, IsPro: 0

 COMMAND LINE ARGUMENTS:
C:\Program Files\Unity\Hub\Editor\2020.3.4f1\Editor\Unity.exe
-adb2
-batchMode
-noUpm
-name
AssetImportWorker0
-projectPath
C:/Projects/GitProjects/MasterUnityTemplate/MasterUnity3DProject
-logFile
Logs/AssetImportWorker0.log
-srvPort
59026
Successfully changed project path to: C:/Projects/GitProjects/MasterUnityTemplate/MasterUnity3DProject
C:/Projects/GitProjects/MasterUnityTemplate/MasterUnity3DProject
Using Asset Import Pipeline V2.
Refreshing native plugins compatible for Editor in 57.46 ms, found 0 plugins.
Preloading 0 native plugins for Editor in 0.00 ms.
Initialize engine version: 2020.3.4f1 (0abb6314276a)
[Subsystems] Discovering subsystems at path C:/Program Files/Unity/Hub/Editor/2020.3.4f1/Editor/Data/Resources/UnitySubsystems
[Subsystems] Discovering subsystems at path C:/Projects/GitProjects/MasterUnityTemplate/MasterUnity3DProject/Assets
GfxDevice: creating device client; threaded=0
Direct3D:
    Version:  Direct3D 11.0 [level 11.1]
    Renderer: Intel(R) UHD Graphics 630 (ID=0x9bc5)
    Vendor:   
    VRAM:     16217 MB
    Driver:   27.20.100.9415
Initialize mono
Mono path[0] = 'C:/Program Files/Unity/Hub/Editor/2020.3.4f1/Editor/Data/Managed'
Mono path[1] = 'C:/Program Files/Unity/Hub/Editor/2020.3.4f1/Editor/Data/MonoBleedingEdge/lib/mono/unityjit'
Mono config path = 'C:/Program Files/Unity/Hub/Editor/2020.3.4f1/Editor/Data/MonoBleedingEdge/etc'
Using monoOptions --debugger-agent=transport=dt_socket,embedding=1,server=y,suspend=n,address=127.0.0.1:56804
Begin MonoManager ReloadAssembly
Registering precompiled unity dll's ...
Register platform support module: C:/Program Files/Unity/Hub/Editor/2020.3.4f1/Editor/Data/PlaybackEngines/WebGLSupport/UnityEditor.WebGL.Extensions.dll
Register platform support module: C:/Program Files/Unity/Hub/Editor/2020.3.4f1/Editor/Data/PlaybackEngines/WindowsStandaloneSupport/UnityEditor.WindowsStandalone.Extensions.dll
Registered in 0.002073 seconds.
Native extension for WindowsStandalone target not found
Native extension for WebGL target not found
Refreshing native plugins compatible for Editor in 62.34 ms, found 0 plugins.
Preloading 0 native plugins for Editor in 0.00 ms.
Mono: successfully reloaded assembly
- Completed reload, in  2.636 seconds
Platform modules already initialized, skipping
Registering precompiled user dll's ...
Registered in 0.001397 seconds.
Begin MonoManager ReloadAssembly
Native extension for WindowsStandalone target not found
Native extension for WebGL target not found
Refreshing native plugins compatible for Editor in 40.15 ms, found 0 plugins.
Preloading 0 native plugins for Editor in 0.00 ms.
Mono: successfully reloaded assembly
- Completed reload, in  0.886 seconds
Platform modules already initialized, skipping
========================================================================
Worker process is ready to serve import requests
Shader 'Universal Render Pipeline/Particles/Lit': fallback shader 'Universal Render Pipeline/Particles/SimpleLit' not found
Shader 'Universal Render Pipeline/Particles/Lit': fallback shader 'Universal Render Pipeline/Particles/SimpleLit' not found
Launched and connected shader compiler UnityShaderCompiler.exe after 0.07 seconds
Refreshing native plugins compatible for Editor in 0.35 ms, found 0 plugins.
Preloading 0 native plugins for Editor in 0.00 ms.
Unloading 2420 Unused Serialized files (Serialized files now loaded: 0)
System memory in use before: 112.2 MB.
System memory in use after: 109.4 MB.

Unloading 46 unused Assets to reduce memory usage. Loaded Objects now: 2825.
Total: 4.138900 ms (FindLiveObjects: 0.225700 ms CreateObjectMapping: 0.103800 ms MarkObjects: 2.227700 ms  DeleteObjects: 1.580400 ms)

========================================================================
Received Import Request.
  path: Assets/Readme.asset
  artifactKey: Guid(83c2ed844a8c74b779a4c823d16594b1) Importer(815301076,1909f56bfc062723c751e8b465ee728b)
Start importing Assets/Readme.asset using Guid(83c2ed844a8c74b779a4c823d16594b1) Importer(815301076,1909f56bfc062723c751e8b465ee728b)  -> (artifact id: '6bae6031c3a27c632e83ff632957e097') in 0.047396 seconds
  Import took 0.050557 seconds .

========================================================================
Received Import Request.
  Time since last request: 0.852712 seconds.
  path: Assets/Readme.asset
  artifactKey: Guid(83c2ed844a8c74b779a4c823d16594b1) Importer(815301076,1909f56bfc062723c751e8b465ee728b)
Start importing Assets/Readme.asset using Guid(83c2ed844a8c74b779a4c823d16594b1) Importer(815301076,1909f56bfc062723c751e8b465ee728b)  -> (artifact id: '6bae6031c3a27c632e83ff632957e097') in 0.002784 seconds
  Import took 0.006428 seconds .

========================================================================
Received Import Request.
  Time since last request: 352.554015 seconds.
  path: Assets/Materials/Skybox_Mat.mat
  artifactKey: Guid(0ffaa0b7117ba8c47a9d05ae701d4b4d) Importer(815301076,1909f56bfc062723c751e8b465ee728b)
Start importing Assets/Materials/Skybox_Mat.mat using Guid(0ffaa0b7117ba8c47a9d05ae701d4b4d) Importer(815301076,1909f56bfc062723c751e8b465ee728b)  -> (artifact id: '770d803e87358b9a199014ee3631ea50') in 0.148504 seconds
  Import took 0.151904 seconds .

========================================================================
Received Import Request.
  Time since last request: 15.645611 seconds.
  path: Assets/ExampleAssets
  artifactKey: Guid(990f5c2df70993f4987a388ca178996a) Importer(815301076,1909f56bfc062723c751e8b465ee728b)
Start importing Assets/ExampleAssets using Guid(990f5c2df70993f4987a388ca178996a) Importer(815301076,1909f56bfc062723c751e8b465ee728b)  -> (artifact id: 'cf64619f1e8d9491992decd5e53f9e9f') in 0.006265 seconds
  Import took 0.009728 seconds .

========================================================================
Received Import Request.
  Time since last request: 0.000666 seconds.
  path: Assets/ExampleAssets
  artifactKey: Guid(990f5c2df70993f4987a388ca178996a) Importer(815301076,1909f56bfc062723c751e8b465ee728b)
Start importing Assets/ExampleAssets using Guid(990f5c2df70993f4987a388ca178996a) Importer(815301076,1909f56bfc062723c751e8b465ee728b)  -> (artifact id: 'cf64619f1e8d9491992decd5e53f9e9f') in 0.001751 seconds
  Import took 0.005090 seconds .

========================================================================
Received Prepare
Registering precompiled user dll's ...
Registered in 0.000788 seconds.
Begin MonoManager ReloadAssembly
Native extension for WindowsStandalone target not found
Native extension for WebGL target not found
Refreshing native plugins compatible for Editor in 0.34 ms, found 0 plugins.
Preloading 0 native plugins for Editor in 0.00 ms.
Mono: successfully reloaded assembly
- Completed reload, in  0.676 seconds
Platform modules already initialized, skipping
Switching render pipeline 19ba41d7c0026c3459d37c2fe90c55a0 -> 00000000000000000000000000000000
Shader 'Universal Render Pipeline/Particles/Lit': fallback shader 'Universal Render Pipeline/Particles/SimpleLit' not found
Shader 'Universal Render Pipeline/Particles/Lit': fallback shader 'Universal Render Pipeline/Particles/SimpleLit' not found
Refreshing native plugins compatible for Editor in 0.32 ms, found 0 plugins.
Preloading 0 native plugins for Editor in 0.00 ms.
Unloading 2344 Unused Serialized files (Serialized files now loaded: 0)
System memory in use before: 113.8 MB.
System memory in use after: 111.1 MB.

Unloading 43 unused Assets to reduce memory usage. Loaded Objects now: 2904.
Total: 2.675900 ms (FindLiveObjects: 0.190800 ms CreateObjectMapping: 0.091800 ms MarkObjects: 1.344600 ms  DeleteObjects: 1.048000 ms)

========================================================================
Received Import Request.
  Time since last request: 6.940853 seconds.
  path: Assets
  artifactKey: Guid(00000000000000001000000000000000) Importer(815301076,1909f56bfc062723c751e8b465ee728b)
Start importing Assets using Guid(00000000000000001000000000000000) Importer(815301076,1909f56bfc062723c751e8b465ee728b)  -> (artifact id: '025e4f587c23674256bb898581e82961') in 0.006577 seconds
  Import took 0.009706 seconds .

========================================================================
Received Import Request.
  Time since last request: 0.002432 seconds.
  path: Assets
  artifactKey: Guid(00000000000000001000000000000000) Importer(815301076,1909f56bfc062723c751e8b465ee728b)
Start importing Assets using Guid(00000000000000001000000000000000) Importer(815301076,1909f56bfc062723c751e8b465ee728b)  -> (artifact id: '025e4f587c23674256bb898581e82961') in 0.002618 seconds
  Import took 0.005499 seconds .

========================================================================
Received Import Request.
  Time since last request: 10.867757 seconds.
  path: Assets/Renderers
  artifactKey: Guid(0fdf8696a6639794b8acf643fc427646) Importer(815301076,1909f56bfc062723c751e8b465ee728b)
Start importing Assets/Renderers using Guid(0fdf8696a6639794b8acf643fc427646) Importer(815301076,1909f56bfc062723c751e8b465ee728b)  -> (artifact id: '4537059bcb506f2e7156163c4cfad87d') in 0.004656 seconds
  Import took 0.007646 seconds .

========================================================================
Received Import Request.
  Time since last request: 13.018355 seconds.
  path: Assets/Renderers/URPF.asset
  artifactKey: Guid(33057078bb734fb4c8e470887d5e52e7) Importer(815301076,1909f56bfc062723c751e8b465ee728b)
Start importing Assets/Renderers/URPF.asset using Guid(33057078bb734fb4c8e470887d5e52e7) Importer(815301076,1909f56bfc062723c751e8b465ee728b)  -> (artifact id: '58acb6d08aba75311edd43c62a362feb') in 0.012661 seconds
  Import took 0.016261 seconds .

========================================================================
Received Import Request.
  Time since last request: 0.000210 seconds.
  path: Assets/Renderers/URPF_Renderer.asset
  artifactKey: Guid(f46c0642a6076624ab2a677a31d06fab) Importer(815301076,1909f56bfc062723c751e8b465ee728b)
Start importing Assets/Renderers/URPF_Renderer.asset using Guid(f46c0642a6076624ab2a677a31d06fab) Importer(815301076,1909f56bfc062723c751e8b465ee728b)  -> (artifact id: 'e745430214fa078b36cd244a398c43ae') in 0.005498 seconds
  Import took 0.008511 seconds .

========================================================================
Received Import Request.
  Time since last request: 18.285441 seconds.
  path: Assets/Scenes
  artifactKey: Guid(9ff45361c9beec24cbe5cc03a514184f) Importer(815301076,1909f56bfc062723c751e8b465ee728b)
Start importing Assets/Scenes using Guid(9ff45361c9beec24cbe5cc03a514184f) Importer(815301076,1909f56bfc062723c751e8b465ee728b)  -> (artifact id: 'b75d43840f93b6042469eb8b41a26a8b') in 0.007300 seconds
  Import took 0.010639 seconds .

========================================================================
Received Import Request.
  Time since last request: 1.018991 seconds.
  path: Assets/Scenes/SampleScene.unity
  artifactKey: Guid(d1c3109bdb54ad54c8a2b2838528e640) Importer(815301076,1909f56bfc062723c751e8b465ee728b)
Start importing Assets/Scenes/SampleScene.unity using Guid(d1c3109bdb54ad54c8a2b2838528e640) Importer(815301076,1909f56bfc062723c751e8b465ee728b)  -> (artifact id: '2e6916e349d9d4552436de396bfec558') in 0.006532 seconds
  Import took 0.009559 seconds .

========================================================================
Received Prepare
Shader 'Universal Render Pipeline/Particles/Lit': fallback shader 'Universal Render Pipeline/Particles/SimpleLit' not found
Shader 'Universal Render Pipeline/Particles/Lit': fallback shader 'Universal Render Pipeline/Particles/SimpleLit' not found
Refreshing native plugins compatible for Editor in 0.86 ms, found 0 plugins.
Preloading 0 native plugins for Editor in 0.00 ms.
Unloading 41 Unused Serialized files (Serialized files now loaded: 0)
System memory in use before: 68.8 MB.
System memory in use after: 66.0 MB.

Unloading 39 unused Assets to reduce memory usage. Loaded Objects now: 2908.
Total: 3.041100 ms (FindLiveObjects: 0.193400 ms CreateObjectMapping: 0.090400 ms MarkObjects: 1.622400 ms  DeleteObjects: 1.134400 ms)

========================================================================
Received Import Request.
  Time since last request: 556.976400 seconds.
  path: Assets/Scripts
  artifactKey: Guid(02a3527b6b33a924e8ec66aa805ea717) Importer(815301076,1909f56bfc062723c751e8b465ee728b)
Start importing Assets/Scripts using Guid(02a3527b6b33a924e8ec66aa805ea717) Importer(815301076,1909f56bfc062723c751e8b465ee728b)  -> (artifact id: 'e770a7108101aab76c292659c82131fc') in 0.004773 seconds
  Import took 0.008517 seconds .

========================================================================
Received Import Request.
  Time since last request: 6.266766 seconds.
  path: Assets/Visuals
  artifactKey: Guid(5462f3fee221d084aac772e18ea59a29) Importer(815301076,1909f56bfc062723c751e8b465ee728b)
Start importing Assets/Visuals using Guid(5462f3fee221d084aac772e18ea59a29) Importer(815301076,1909f56bfc062723c751e8b465ee728b)  -> (artifact id: '034c45ac9067d1a69b2ae0d2bf242116') in 0.004738 seconds
  Import took 0.007888 seconds .

========================================================================
Received Import Request.
  Time since last request: 13.587969 seconds.
  path: Assets/Prefabs
  artifactKey: Guid(aef88a0f6ebdf4a459210eafd595f281) Importer(815301076,1909f56bfc062723c751e8b465ee728b)
Start importing Assets/Prefabs using Guid(aef88a0f6ebdf4a459210eafd595f281) Importer(815301076,1909f56bfc062723c751e8b465ee728b)  -> (artifact id: '506cbe706b5e06dabe067e54669759c6') in 0.004743 seconds
  Import took 0.008094 seconds .

========================================================================
Received Prepare
Registering precompiled user dll's ...
Registered in 0.000914 seconds.
Begin MonoManager ReloadAssembly
Native extension for WindowsStandalone target not found
Native extension for WebGL target not found
Refreshing native plugins compatible for Editor in 0.37 ms, found 0 plugins.
Preloading 0 native plugins for Editor in 0.00 ms.
Mono: successfully reloaded assembly
- Completed reload, in  0.653 seconds
Platform modules already initialized, skipping
Shader 'Universal Render Pipeline/Particles/Lit': fallback shader 'Universal Render Pipeline/Particles/SimpleLit' not found
Shader 'Universal Render Pipeline/Particles/Lit': fallback shader 'Universal Render Pipeline/Particles/SimpleLit' not found
Refreshing native plugins compatible for Editor in 0.34 ms, found 0 plugins.
Preloading 0 native plugins for Editor in 0.00 ms.
Unloading 2379 Unused Serialized files (Serialized files now loaded: 0)
System memory in use before: 115.6 MB.
System memory in use after: 112.8 MB.

Unloading 42 unused Assets to reduce memory usage. Loaded Objects now: 2945.
Total: 2.762000 ms (FindLiveObjects: 0.184900 ms CreateObjectMapping: 0.089900 ms MarkObjects: 1.393400 ms  DeleteObjects: 1.093000 ms)

========================================================================
Received Import Request.
  Time since last request: 186.377216 seconds.
  path: Assets/LeanTween
  artifactKey: Guid(5e6a0fa47acf54892bbdae89028eaec3) Importer(815301076,1909f56bfc062723c751e8b465ee728b)
Start importing Assets/LeanTween using Guid(5e6a0fa47acf54892bbdae89028eaec3) Importer(815301076,1909f56bfc062723c751e8b465ee728b)  -> (artifact id: 'b7d7fe06495e76253b8ec74598813787') in 0.006652 seconds
  Import took 0.010155 seconds .

========================================================================
Received Import Request.
  Time since last request: 0.000917 seconds.
  path: Assets/LeanTween
  artifactKey: Guid(5e6a0fa47acf54892bbdae89028eaec3) Importer(815301076,1909f56bfc062723c751e8b465ee728b)
Start importing Assets/LeanTween using Guid(5e6a0fa47acf54892bbdae89028eaec3) Importer(815301076,1909f56bfc062723c751e8b465ee728b)  -> (artifact id: 'b7d7fe06495e76253b8ec74598813787') in 0.001618 seconds
  Import took 0.005409 seconds .

========================================================================
Received Import Request.
  Time since last request: 3.903110 seconds.
  path: Assets/LeanTween/Examples
  artifactKey: Guid(486852d399aed440aa95693d95263c16) Importer(815301076,1909f56bfc062723c751e8b465ee728b)
Start importing Assets/LeanTween/Examples using Guid(486852d399aed440aa95693d95263c16) Importer(815301076,1909f56bfc062723c751e8b465ee728b)  -> (artifact id: 'da8b9547e1cb3181ea92c859797a929e') in 0.004986 seconds
  Import took 0.008578 seconds .

========================================================================
Received Import Request.
  Time since last request: 12.175436 seconds.
  path: Assets/LeanTween/Framework/LeanTween.dll.zip
  artifactKey: Guid(ffeadda6aaa064923a3f7e28ff26afb1) Importer(815301076,1909f56bfc062723c751e8b465ee728b)
Start importing Assets/LeanTween/Framework/LeanTween.dll.zip using Guid(ffeadda6aaa064923a3f7e28ff26afb1) Importer(815301076,1909f56bfc062723c751e8b465ee728b)  -> (artifact id: '3ace43f6b818e9bc1d3e3c433a578564') in 0.014389 seconds
  Import took 0.017540 seconds .

========================================================================
Received Import Request.
  Time since last request: 5.121136 seconds.
  path: Assets/LeanTween/Editor/LeanTweenDocumentationEditor.cs
  artifactKey: Guid(52fea17a2d56d46afa0d6cb52e2a4335) Importer(815301076,1909f56bfc062723c751e8b465ee728b)
Start importing Assets/LeanTween/Editor/LeanTweenDocumentationEditor.cs using Guid(52fea17a2d56d46afa0d6cb52e2a4335) Importer(815301076,1909f56bfc062723c751e8b465ee728b)  -> (artifact id: '111e2148c945f441f9ece9156e71037b') in 0.008259 seconds
  Import took 0.012003 seconds .

========================================================================
Received Import Request.
  Time since last request: 0.001321 seconds.
  path: Assets/LeanTween/Editor/LeanTweenDocumentationEditor.cs
  artifactKey: Guid(52fea17a2d56d46afa0d6cb52e2a4335) Importer(815301076,1909f56bfc062723c751e8b465ee728b)
Start importing Assets/LeanTween/Editor/LeanTweenDocumentationEditor.cs using Guid(52fea17a2d56d46afa0d6cb52e2a4335) Importer(815301076,1909f56bfc062723c751e8b465ee728b)  -> (artifact id: '111e2148c945f441f9ece9156e71037b') in 0.001635 seconds
  Import took 0.005176 seconds .

========================================================================
Received Prepare
Registering precompiled user dll's ...
Registered in 0.001125 seconds.
Begin MonoManager ReloadAssembly
Native extension for WindowsStandalone target not found
Native extension for WebGL target not found
Refreshing native plugins compatible for Editor in 0.34 ms, found 0 plugins.
Preloading 0 native plugins for Editor in 0.00 ms.
Mono: successfully reloaded assembly
- Completed reload, in  0.657 seconds
Platform modules already initialized, skipping
Shader 'Universal Render Pipeline/Particles/Lit': fallback shader 'Universal Render Pipeline/Particles/SimpleLit' not found
Shader 'Universal Render Pipeline/Particles/Lit': fallback shader 'Universal Render Pipeline/Particles/SimpleLit' not found
Refreshing native plugins compatible for Editor in 0.33 ms, found 0 plugins.
Preloading 0 native plugins for Editor in 0.00 ms.
Unloading 2352 Unused Serialized files (Serialized files now loaded: 0)
System memory in use before: 115.0 MB.
System memory in use after: 112.2 MB.

Unloading 66 unused Assets to reduce memory usage. Loaded Objects now: 2923.
Total: 2.774000 ms (FindLiveObjects: 0.188500 ms CreateObjectMapping: 0.090500 ms MarkObjects: 1.372100 ms  DeleteObjects: 1.121800 ms)

========================================================================
Received Import Request.
  Time since last request: 93.077887 seconds.
  path: Assets/LeanTween/ReadMe.txt
  artifactKey: Guid(f1e0da947b69648fdb1884d602088d92) Importer(815301076,1909f56bfc062723c751e8b465ee728b)
Start importing Assets/LeanTween/ReadMe.txt using Guid(f1e0da947b69648fdb1884d602088d92) Importer(815301076,1909f56bfc062723c751e8b465ee728b)  -> (artifact id: '34c3e9f129ca63625ed7ab7353f7b961') in 0.017194 seconds
  Import took 0.020278 seconds .

========================================================================
Received Import Request.
  Time since last request: 0.000589 seconds.
  path: Assets/LeanTween/ReadMe.txt
  artifactKey: Guid(f1e0da947b69648fdb1884d602088d92) Importer(815301076,1909f56bfc062723c751e8b465ee728b)
Start importing Assets/LeanTween/ReadMe.txt using Guid(f1e0da947b69648fdb1884d602088d92) Importer(815301076,1909f56bfc062723c751e8b465ee728b)  -> (artifact id: '34c3e9f129ca63625ed7ab7353f7b961') in 0.001689 seconds
  Import took 0.004663 seconds .

========================================================================
Received Import Request.
  Time since last request: 31.654375 seconds.
  path: Assets/Scripts/TestTween.cs
  artifactKey: Guid(346e67f0d149b11478bac706d1586ef9) Importer(815301076,1909f56bfc062723c751e8b465ee728b)
Start importing Assets/Scripts/TestTween.cs using Guid(346e67f0d149b11478bac706d1586ef9) Importer(815301076,1909f56bfc062723c751e8b465ee728b)  -> (artifact id: '93a0ac410d4e9e86a293a90378eeacba') in 0.005156 seconds
  Import took 0.008900 seconds .

========================================================================
Received Import Request.
  Time since last request: 0.003576 seconds.
  path: Assets/Scripts/TestTween.cs
  artifactKey: Guid(346e67f0d149b11478bac706d1586ef9) Importer(815301076,1909f56bfc062723c751e8b465ee728b)
Start importing Assets/Scripts/TestTween.cs using Guid(346e67f0d149b11478bac706d1586ef9) Importer(815301076,1909f56bfc062723c751e8b465ee728b)  -> (artifact id: '93a0ac410d4e9e86a293a90378eeacba') in 0.001521 seconds
  Import took 0.005535 seconds .

========================================================================
Received Prepare
Registering precompiled user dll's ...
Registered in 0.000924 seconds.
Begin MonoManager ReloadAssembly
Native extension for WindowsStandalone target not found
Native extension for WebGL target not found
Refreshing native plugins compatible for Editor in 0.34 ms, found 0 plugins.
Preloading 0 native plugins for Editor in 0.00 ms.
Mono: successfully reloaded assembly
- Completed reload, in  0.661 seconds
Platform modules already initialized, skipping
Shader 'Universal Render Pipeline/Particles/Lit': fallback shader 'Universal Render Pipeline/Particles/SimpleLit' not found
Shader 'Universal Render Pipeline/Particles/Lit': fallback shader 'Universal Render Pipeline/Particles/SimpleLit' not found
Refreshing native plugins compatible for Editor in 0.35 ms, found 0 plugins.
Preloading 0 native plugins for Editor in 0.00 ms.
Unloading 2353 Unused Serialized files (Serialized files now loaded: 0)
System memory in use before: 115.0 MB.
System memory in use after: 112.2 MB.

Unloading 41 unused Assets to reduce memory usage. Loaded Objects now: 2927.
Total: 2.948300 ms (FindLiveObjects: 0.198300 ms CreateObjectMapping: 0.091000 ms MarkObjects: 1.463400 ms  DeleteObjects: 1.194600 ms)

========================================================================
Received Prepare
Registering precompiled user dll's ...
Registered in 0.000845 seconds.
Begin MonoManager ReloadAssembly
Native extension for WindowsStandalone target not found
Native extension for WebGL target not found
Refreshing native plugins compatible for Editor in 0.35 ms, found 0 plugins.
Preloading 0 native plugins for Editor in 0.00 ms.
Mono: successfully reloaded assembly
- Completed reload, in  0.666 seconds
Platform modules already initialized, skipping
Shader 'Universal Render Pipeline/Particles/Lit': fallback shader 'Universal Render Pipeline/Particles/SimpleLit' not found
Shader 'Universal Render Pipeline/Particles/Lit': fallback shader 'Universal Render Pipeline/Particles/SimpleLit' not found
Refreshing native plugins compatible for Editor in 0.32 ms, found 0 plugins.
Preloading 0 native plugins for Editor in 0.00 ms.
Unloading 2353 Unused Serialized files (Serialized files now loaded: 0)
System memory in use before: 114.8 MB.
System memory in use after: 112.1 MB.

Unloading 41 unused Assets to reduce memory usage. Loaded Objects now: 2930.
Total: 2.941100 ms (FindLiveObjects: 0.191500 ms CreateObjectMapping: 0.091000 ms MarkObjects: 1.461200 ms  DeleteObjects: 1.196700 ms)

========================================================================
Received Prepare
Registering precompiled user dll's ...
Registered in 0.000884 seconds.
Begin MonoManager ReloadAssembly
Native extension for WindowsStandalone target not found
Native extension for WebGL target not found
Refreshing native plugins compatible for Editor in 0.35 ms, found 0 plugins.
Preloading 0 native plugins for Editor in 0.00 ms.
Mono: successfully reloaded assembly
- Completed reload, in  0.667 seconds
Platform modules already initialized, skipping
Shader 'Universal Render Pipeline/Particles/Lit': fallback shader 'Universal Render Pipeline/Particles/SimpleLit' not found
Shader 'Universal Render Pipeline/Particles/Lit': fallback shader 'Universal Render Pipeline/Particles/SimpleLit' not found
Refreshing native plugins compatible for Editor in 0.33 ms, found 0 plugins.
Preloading 0 native plugins for Editor in 0.00 ms.
Unloading 2353 Unused Serialized files (Serialized files now loaded: 0)
System memory in use before: 114.9 MB.
System memory in use after: 112.2 MB.

Unloading 41 unused Assets to reduce memory usage. Loaded Objects now: 2933.
Total: 2.879400 ms (FindLiveObjects: 0.202600 ms CreateObjectMapping: 0.095500 ms MarkObjects: 1.369200 ms  DeleteObjects: 1.211500 ms)

========================================================================
Received Prepare
Registering precompiled user dll's ...
Registered in 0.000951 seconds.
Begin MonoManager ReloadAssembly
Native extension for WindowsStandalone target not found
Native extension for WebGL target not found
Refreshing native plugins compatible for Editor in 0.34 ms, found 0 plugins.
Preloading 0 native plugins for Editor in 0.00 ms.
Mono: successfully reloaded assembly
- Completed reload, in  0.721 seconds
Platform modules already initialized, skipping
Shader 'Universal Render Pipeline/Particles/Lit': fallback shader 'Universal Render Pipeline/Particles/SimpleLit' not found
Shader 'Universal Render Pipeline/Particles/Lit': fallback shader 'Universal Render Pipeline/Particles/SimpleLit' not found
Refreshing native plugins compatible for Editor in 0.33 ms, found 0 plugins.
Preloading 0 native plugins for Editor in 0.00 ms.
Unloading 2353 Unused Serialized files (Serialized files now loaded: 0)
System memory in use before: 114.9 MB.
System memory in use after: 112.2 MB.

Unloading 41 unused Assets to reduce memory usage. Loaded Objects now: 2936.
Total: 2.853400 ms (FindLiveObjects: 0.189500 ms CreateObjectMapping: 0.090100 ms MarkObjects: 1.381000 ms  DeleteObjects: 1.192200 ms)

========================================================================
Received Prepare
Registering precompiled user dll's ...
Registered in 0.000932 seconds.
Begin MonoManager ReloadAssembly
Native extension for WindowsStandalone target not found
Native extension for WebGL target not found
Refreshing native plugins compatible for Editor in 0.33 ms, found 0 plugins.
Preloading 0 native plugins for Editor in 0.00 ms.
Mono: successfully reloaded assembly
- Completed reload, in  0.662 seconds
Platform modules already initialized, skipping
Shader 'Universal Render Pipeline/Particles/Lit': fallback shader 'Universal Render Pipeline/Particles/SimpleLit' not found
Shader 'Universal Render Pipeline/Particles/Lit': fallback shader 'Universal Render Pipeline/Particles/SimpleLit' not found
Refreshing native plugins compatible for Editor in 0.32 ms, found 0 plugins.
Preloading 0 native plugins for Editor in 0.00 ms.
Unloading 2352 Unused Serialized files (Serialized files now loaded: 0)
System memory in use before: 115.0 MB.
System memory in use after: 112.2 MB.

Unloading 42 unused Assets to reduce memory usage. Loaded Objects now: 2938.
Total: 2.907000 ms (FindLiveObjects: 0.205600 ms CreateObjectMapping: 0.090900 ms MarkObjects: 1.395300 ms  DeleteObjects: 1.214400 ms)

========================================================================
Received Import Request.
  Time since last request: 923.728082 seconds.
  path: Assets/Scripts/AdManager.cs
  artifactKey: Guid(31a838ab260efe34e976b24fd96fd98c) Importer(815301076,1909f56bfc062723c751e8b465ee728b)
Start importing Assets/Scripts/AdManager.cs using Guid(31a838ab260efe34e976b24fd96fd98c) Importer(815301076,1909f56bfc062723c751e8b465ee728b)  -> (artifact id: '1bbb0a9e817f4b8e2f131c479cd1b602') in 0.008433 seconds
  Import took 0.012493 seconds .

========================================================================
Received Import Request.
  Time since last request: 0.003199 seconds.
  path: Assets/Scripts/AdManager.cs
  artifactKey: Guid(31a838ab260efe34e976b24fd96fd98c) Importer(815301076,1909f56bfc062723c751e8b465ee728b)
Start importing Assets/Scripts/AdManager.cs using Guid(31a838ab260efe34e976b24fd96fd98c) Importer(815301076,1909f56bfc062723c751e8b465ee728b)  -> (artifact id: '1bbb0a9e817f4b8e2f131c479cd1b602') in 0.001779 seconds
  Import took 0.006341 seconds .

========================================================================
Received Prepare
Registering precompiled user dll's ...
Registered in 0.000924 seconds.
Begin MonoManager ReloadAssembly
Native extension for WindowsStandalone target not found
Native extension for WebGL target not found
Refreshing native plugins compatible for Editor in 0.34 ms, found 0 plugins.
Preloading 0 native plugins for Editor in 0.00 ms.
Mono: successfully reloaded assembly
- Completed reload, in  0.718 seconds
Platform modules already initialized, skipping
Shader 'Universal Render Pipeline/Particles/Lit': fallback shader 'Universal Render Pipeline/Particles/SimpleLit' not found
Shader 'Universal Render Pipeline/Particles/Lit': fallback shader 'Universal Render Pipeline/Particles/SimpleLit' not found
Refreshing native plugins compatible for Editor in 0.33 ms, found 0 plugins.
Preloading 0 native plugins for Editor in 0.00 ms.
Unloading 2353 Unused Serialized files (Serialized files now loaded: 0)
System memory in use before: 115.0 MB.
System memory in use after: 112.3 MB.

Unloading 41 unused Assets to reduce memory usage. Loaded Objects now: 2942.
Total: 2.904900 ms (FindLiveObjects: 0.195100 ms CreateObjectMapping: 0.094400 ms MarkObjects: 1.398000 ms  DeleteObjects: 1.216600 ms)

========================================================================
Received Prepare
Registering precompiled user dll's ...
Registered in 0.000940 seconds.
Begin MonoManager ReloadAssembly
Native extension for WindowsStandalone target not found
Native extension for WebGL target not found
Refreshing native plugins compatible for Editor in 0.33 ms, found 0 plugins.
Preloading 0 native plugins for Editor in 0.00 ms.
Mono: successfully reloaded assembly
- Completed reload, in  0.680 seconds
Platform modules already initialized, skipping
Shader 'Universal Render Pipeline/Particles/Lit': fallback shader 'Universal Render Pipeline/Particles/SimpleLit' not found
Shader 'Universal Render Pipeline/Particles/Lit': fallback shader 'Universal Render Pipeline/Particles/SimpleLit' not found
Refreshing native plugins compatible for Editor in 0.32 ms, found 0 plugins.
Preloading 0 native plugins for Editor in 0.00 ms.
Unloading 2352 Unused Serialized files (Serialized files now loaded: 0)
System memory in use before: 114.9 MB.
System memory in use after: 112.2 MB.

Unloading 42 unused Assets to reduce memory usage. Loaded Objects now: 2944.
Total: 2.897300 ms (FindLiveObjects: 0.192300 ms CreateObjectMapping: 0.090600 ms MarkObjects: 1.396000 ms  DeleteObjects: 1.217800 ms)

AssetImportWorkerClient::OnTransportError - code=2 error=End of file
